[0.431s] DEBUG:colcon:Command line arguments: ['/usr/bin/colcon', 'build', '--symlink-install', '--packages-select', 'map_tutorials']
[0.431s] DEBUG:colcon:Parsed command line arguments: Namespace(log_base=None, log_level=None, verb_name='build', build_base='build', install_base='install', merge_install=False, symlink_install=True, test_result_base=None, continue_on_error=False, executor='parallel', parallel_workers=4, event_handlers=None, ignore_user_meta=False, metas=['./colcon.meta'], base_paths=['.'], packages_ignore=None, packages_ignore_regex=None, paths=None, packages_up_to=None, packages_up_to_regex=None, packages_above=None, packages_above_and_dependencies=None, packages_above_depth=None, packages_select_by_dep=None, packages_skip_by_dep=None, packages_skip_up_to=None, packages_select_build_failed=False, packages_skip_build_finished=False, packages_select_test_failures=False, packages_skip_test_passed=False, packages_select=['map_tutorials'], packages_skip=None, packages_select_regex=None, packages_skip_regex=None, packages_start=None, packages_end=None, allow_overriding=[], cmake_args=None, cmake_target=None, cmake_target_skip_unavailable=False, cmake_clean_cache=False, cmake_clean_first=False, cmake_force_configure=False, ament_cmake_args=None, catkin_cmake_args=None, catkin_skip_building_tests=False, verb_parser=<colcon_defaults.argument_parser.defaults.DefaultArgumentsDecorator object at 0xffff8c928460>, verb_extension=<colcon_core.verb.build.BuildVerb object at 0xffff8ca4d090>, main=<bound method BuildVerb.main of <colcon_core.verb.build.BuildVerb object at 0xffff8ca4d090>>)
[1.349s] Level 1:colcon.colcon_core.package_discovery:discover_packages(colcon_meta) check parameters
[1.350s] Level 1:colcon.colcon_core.package_discovery:discover_packages(recursive) check parameters
[1.350s] Level 1:colcon.colcon_core.package_discovery:discover_packages(ignore) check parameters
[1.350s] Level 1:colcon.colcon_core.package_discovery:discover_packages(path) check parameters
[1.350s] Level 1:colcon.colcon_core.package_discovery:discover_packages(colcon_meta) discover
[1.350s] Level 1:colcon.colcon_core.package_discovery:discover_packages(recursive) discover
[1.350s] INFO:colcon.colcon_core.package_discovery:Crawling recursively for packages in '/home/psinha/ros2/packages/map'
[1.351s] Level 1:colcon.colcon_core.package_identification:_identify(.) by extensions ['ignore', 'ignore_ament_install']
[1.351s] Level 1:colcon.colcon_core.package_identification:_identify(.) by extension 'ignore'
[1.351s] Level 1:colcon.colcon_core.package_identification:_identify(.) by extension 'ignore_ament_install'
[1.352s] Level 1:colcon.colcon_core.package_identification:_identify(.) by extensions ['colcon_pkg']
[1.352s] Level 1:colcon.colcon_core.package_identification:_identify(.) by extension 'colcon_pkg'
[1.352s] Level 1:colcon.colcon_core.package_identification:_identify(.) by extensions ['colcon_meta']
[1.352s] Level 1:colcon.colcon_core.package_identification:_identify(.) by extension 'colcon_meta'
[1.352s] Level 1:colcon.colcon_core.package_identification:_identify(.) by extensions ['ros']
[1.352s] Level 1:colcon.colcon_core.package_identification:_identify(.) by extension 'ros'
[1.395s] Level 1:colcon.colcon_core.package_identification:_identify(.) by extensions ['cmake', 'python']
[1.395s] Level 1:colcon.colcon_core.package_identification:_identify(.) by extension 'cmake'
[1.395s] Level 1:colcon.colcon_core.package_identification:_identify(.) by extension 'python'
[1.396s] Level 1:colcon.colcon_core.package_identification:_identify(.) by extensions ['python_setup_py']
[1.396s] Level 1:colcon.colcon_core.package_identification:_identify(.) by extension 'python_setup_py'
[1.396s] Level 1:colcon.colcon_core.package_identification:_identify(build) by extensions ['ignore', 'ignore_ament_install']
[1.397s] Level 1:colcon.colcon_core.package_identification:_identify(build) by extension 'ignore'
[1.397s] Level 1:colcon.colcon_core.package_identification:_identify(build) ignored
[1.398s] Level 1:colcon.colcon_core.package_identification:_identify(install) by extensions ['ignore', 'ignore_ament_install']
[1.398s] Level 1:colcon.colcon_core.package_identification:_identify(install) by extension 'ignore'
[1.398s] Level 1:colcon.colcon_core.package_identification:_identify(install) ignored
[1.398s] Level 1:colcon.colcon_core.package_identification:_identify(log) by extensions ['ignore', 'ignore_ament_install']
[1.399s] Level 1:colcon.colcon_core.package_identification:_identify(log) by extension 'ignore'
[1.399s] Level 1:colcon.colcon_core.package_identification:_identify(log) ignored
[1.399s] Level 1:colcon.colcon_core.package_identification:_identify(src) by extensions ['ignore', 'ignore_ament_install']
[1.400s] Level 1:colcon.colcon_core.package_identification:_identify(src) by extension 'ignore'
[1.400s] Level 1:colcon.colcon_core.package_identification:_identify(src) by extension 'ignore_ament_install'
[1.400s] Level 1:colcon.colcon_core.package_identification:_identify(src) by extensions ['colcon_pkg']
[1.400s] Level 1:colcon.colcon_core.package_identification:_identify(src) by extension 'colcon_pkg'
[1.400s] Level 1:colcon.colcon_core.package_identification:_identify(src) by extensions ['colcon_meta']
[1.400s] Level 1:colcon.colcon_core.package_identification:_identify(src) by extension 'colcon_meta'
[1.401s] Level 1:colcon.colcon_core.package_identification:_identify(src) by extensions ['ros']
[1.401s] Level 1:colcon.colcon_core.package_identification:_identify(src) by extension 'ros'
[1.401s] Level 1:colcon.colcon_core.package_identification:_identify(src) by extensions ['cmake', 'python']
[1.401s] Level 1:colcon.colcon_core.package_identification:_identify(src) by extension 'cmake'
[1.401s] Level 1:colcon.colcon_core.package_identification:_identify(src) by extension 'python'
[1.402s] Level 1:colcon.colcon_core.package_identification:_identify(src) by extensions ['python_setup_py']
[1.402s] Level 1:colcon.colcon_core.package_identification:_identify(src) by extension 'python_setup_py'
[1.402s] Level 1:colcon.colcon_core.package_identification:_identify(src/map_tutorials) by extensions ['ignore', 'ignore_ament_install']
[1.403s] Level 1:colcon.colcon_core.package_identification:_identify(src/map_tutorials) by extension 'ignore'
[1.403s] Level 1:colcon.colcon_core.package_identification:_identify(src/map_tutorials) by extension 'ignore_ament_install'
[1.403s] Level 1:colcon.colcon_core.package_identification:_identify(src/map_tutorials) by extensions ['colcon_pkg']
[1.403s] Level 1:colcon.colcon_core.package_identification:_identify(src/map_tutorials) by extension 'colcon_pkg'
[1.403s] Level 1:colcon.colcon_core.package_identification:_identify(src/map_tutorials) by extensions ['colcon_meta']
[1.403s] Level 1:colcon.colcon_core.package_identification:_identify(src/map_tutorials) by extension 'colcon_meta'
[1.404s] Level 1:colcon.colcon_core.package_identification:_identify(src/map_tutorials) by extensions ['ros']
[1.404s] Level 1:colcon.colcon_core.package_identification:_identify(src/map_tutorials) by extension 'ros'
[1.413s] DEBUG:colcon.colcon_core.package_identification:Package 'src/map_tutorials' with type 'ros.ament_python' and name 'map_tutorials'
[1.413s] Level 1:colcon.colcon_core.package_discovery:discover_packages(recursive) using defaults
[1.413s] Level 1:colcon.colcon_core.package_discovery:discover_packages(ignore) discover
[1.413s] Level 1:colcon.colcon_core.package_discovery:discover_packages(ignore) using defaults
[1.413s] Level 1:colcon.colcon_core.package_discovery:discover_packages(path) discover
[1.413s] Level 1:colcon.colcon_core.package_discovery:discover_packages(path) using defaults
[1.525s] Level 1:colcon.colcon_core.package_discovery:discover_packages(prefix_path) check parameters
[1.525s] Level 1:colcon.colcon_core.package_discovery:discover_packages(prefix_path) discover
[1.539s] DEBUG:colcon.colcon_installed_package_information.package_discovery:Found 272 installed packages in /opt/ros/humble
[1.545s] Level 1:colcon.colcon_core.package_discovery:discover_packages(prefix_path) using defaults
[1.709s] Level 5:colcon.colcon_core.verb:set package 'map_tutorials' build argument 'cmake_args' from command line to 'None'
[1.709s] Level 5:colcon.colcon_core.verb:set package 'map_tutorials' build argument 'cmake_target' from command line to 'None'
[1.710s] Level 5:colcon.colcon_core.verb:set package 'map_tutorials' build argument 'cmake_target_skip_unavailable' from command line to 'False'
[1.710s] Level 5:colcon.colcon_core.verb:set package 'map_tutorials' build argument 'cmake_clean_cache' from command line to 'False'
[1.710s] Level 5:colcon.colcon_core.verb:set package 'map_tutorials' build argument 'cmake_clean_first' from command line to 'False'
[1.710s] Level 5:colcon.colcon_core.verb:set package 'map_tutorials' build argument 'cmake_force_configure' from command line to 'False'
[1.710s] Level 5:colcon.colcon_core.verb:set package 'map_tutorials' build argument 'ament_cmake_args' from command line to 'None'
[1.710s] Level 5:colcon.colcon_core.verb:set package 'map_tutorials' build argument 'catkin_cmake_args' from command line to 'None'
[1.710s] Level 5:colcon.colcon_core.verb:set package 'map_tutorials' build argument 'catkin_skip_building_tests' from command line to 'False'
[1.710s] DEBUG:colcon.colcon_core.verb:Building package 'map_tutorials' with the following arguments: {'ament_cmake_args': None, 'build_base': '/home/psinha/ros2/packages/map/build/map_tutorials', 'catkin_cmake_args': None, 'catkin_skip_building_tests': False, 'cmake_args': None, 'cmake_clean_cache': False, 'cmake_clean_first': False, 'cmake_force_configure': False, 'cmake_target': None, 'cmake_target_skip_unavailable': False, 'install_base': '/home/psinha/ros2/packages/map/install/map_tutorials', 'merge_install': False, 'path': '/home/psinha/ros2/packages/map/src/map_tutorials', 'symlink_install': True, 'test_result_base': None}
[1.711s] INFO:colcon.colcon_core.executor:Executing jobs using 'parallel' executor
[1.714s] DEBUG:colcon.colcon_parallel_executor.executor.parallel:run_until_complete
[1.715s] INFO:colcon.colcon_ros.task.ament_python.build:Building ROS package in '/home/psinha/ros2/packages/map/src/map_tutorials' with build type 'ament_python'
[1.716s] Level 1:colcon.colcon_core.shell:create_environment_hook('map_tutorials', 'ament_prefix_path')
[1.724s] INFO:colcon.colcon_core.plugin_system:Skipping extension 'colcon_core.shell.bat': Not used on non-Windows systems
[1.725s] INFO:colcon.colcon_core.shell:Creating environment hook '/home/psinha/ros2/packages/map/install/map_tutorials/share/map_tutorials/hook/ament_prefix_path.ps1'
[1.728s] INFO:colcon.colcon_core.shell:Creating environment descriptor '/home/psinha/ros2/packages/map/install/map_tutorials/share/map_tutorials/hook/ament_prefix_path.dsv'
[1.730s] INFO:colcon.colcon_core.shell:Creating environment hook '/home/psinha/ros2/packages/map/install/map_tutorials/share/map_tutorials/hook/ament_prefix_path.sh'
[1.733s] INFO:colcon.colcon_core.shell:Skip shell extension 'powershell' for command environment: Not usable outside of PowerShell
[1.734s] DEBUG:colcon.colcon_core.shell:Skip shell extension 'dsv' for command environment
[3.006s] INFO:colcon.colcon_core.task.python.build:Building Python package in '/home/psinha/ros2/packages/map/src/map_tutorials'
[3.007s] INFO:colcon.colcon_core.shell:Skip shell extension 'powershell' for command environment: Not usable outside of PowerShell
[3.007s] DEBUG:colcon.colcon_core.shell:Skip shell extension 'dsv' for command environment
[4.720s] DEBUG:colcon.colcon_core.event_handler.log_command:Invoking command in '/home/psinha/ros2/packages/map/build/map_tutorials': PYTHONPATH=/home/psinha/ros2/packages/map/build/map_tutorials/prefix_override:/usr/lib/python3/dist-packages/colcon_core/task/python/colcon_distutils_commands:/home/psinha/ros2/packages/map/install/map_tutorials/lib/python3.10/site-packages:${PYTHONPATH} /usr/bin/python3 -W ignore:setup.py install is deprecated setup.py develop --editable --build-directory /home/psinha/ros2/packages/map/build/map_tutorials/build --no-deps symlink_data
[6.953s] Level 1:colcon.colcon_core.shell:create_environment_hook('map_tutorials', 'pythonpath_develop')
[6.954s] INFO:colcon.colcon_core.shell:Creating environment hook '/home/psinha/ros2/packages/map/build/map_tutorials/share/map_tutorials/hook/pythonpath_develop.ps1'
[6.955s] DEBUG:colcon.colcon_core.event_handler.log_command:Invoked command in '/home/psinha/ros2/packages/map/build/map_tutorials' returned '0': PYTHONPATH=/home/psinha/ros2/packages/map/build/map_tutorials/prefix_override:/usr/lib/python3/dist-packages/colcon_core/task/python/colcon_distutils_commands:/home/psinha/ros2/packages/map/install/map_tutorials/lib/python3.10/site-packages:${PYTHONPATH} /usr/bin/python3 -W ignore:setup.py install is deprecated setup.py develop --editable --build-directory /home/psinha/ros2/packages/map/build/map_tutorials/build --no-deps symlink_data
[6.957s] INFO:colcon.colcon_core.shell:Creating environment descriptor '/home/psinha/ros2/packages/map/build/map_tutorials/share/map_tutorials/hook/pythonpath_develop.dsv'
[6.959s] INFO:colcon.colcon_core.shell:Creating environment hook '/home/psinha/ros2/packages/map/build/map_tutorials/share/map_tutorials/hook/pythonpath_develop.sh'
[6.971s] Level 1:colcon.colcon_core.environment:checking '/home/psinha/ros2/packages/map/install/map_tutorials' for CMake module files
[6.974s] Level 1:colcon.colcon_core.environment:checking '/home/psinha/ros2/packages/map/install/map_tutorials' for CMake config files
[6.977s] Level 1:colcon.colcon_core.environment:checking '/home/psinha/ros2/packages/map/install/map_tutorials/lib'
[6.977s] Level 1:colcon.colcon_core.environment:checking '/home/psinha/ros2/packages/map/install/map_tutorials/bin'
[6.978s] Level 1:colcon.colcon_core.environment:checking '/home/psinha/ros2/packages/map/install/map_tutorials/lib/pkgconfig/map_tutorials.pc'
[6.979s] Level 1:colcon.colcon_core.environment:checking '/home/psinha/ros2/packages/map/install/map_tutorials/lib/python3.10/site-packages'
[6.979s] Level 1:colcon.colcon_core.shell:create_environment_hook('map_tutorials', 'pythonpath')
[6.980s] INFO:colcon.colcon_core.shell:Creating environment hook '/home/psinha/ros2/packages/map/install/map_tutorials/share/map_tutorials/hook/pythonpath.ps1'
[6.982s] INFO:colcon.colcon_core.shell:Creating environment descriptor '/home/psinha/ros2/packages/map/install/map_tutorials/share/map_tutorials/hook/pythonpath.dsv'
[6.983s] INFO:colcon.colcon_core.shell:Creating environment hook '/home/psinha/ros2/packages/map/install/map_tutorials/share/map_tutorials/hook/pythonpath.sh'
[6.986s] Level 1:colcon.colcon_core.environment:checking '/home/psinha/ros2/packages/map/install/map_tutorials/bin'
[6.986s] Level 1:colcon.colcon_core.environment:create_environment_scripts_only(map_tutorials)
[6.988s] INFO:colcon.colcon_core.shell:Creating package script '/home/psinha/ros2/packages/map/install/map_tutorials/share/map_tutorials/package.ps1'
[6.991s] INFO:colcon.colcon_core.shell:Creating package descriptor '/home/psinha/ros2/packages/map/install/map_tutorials/share/map_tutorials/package.dsv'
[6.994s] INFO:colcon.colcon_core.shell:Creating package script '/home/psinha/ros2/packages/map/install/map_tutorials/share/map_tutorials/package.sh'
[6.998s] INFO:colcon.colcon_core.shell:Creating package script '/home/psinha/ros2/packages/map/install/map_tutorials/share/map_tutorials/package.bash'
[7.001s] INFO:colcon.colcon_core.shell:Creating package script '/home/psinha/ros2/packages/map/install/map_tutorials/share/map_tutorials/package.zsh'
[7.004s] Level 1:colcon.colcon_core.environment:create_file_with_runtime_dependencies(/home/psinha/ros2/packages/map/install/map_tutorials/share/colcon-core/packages/map_tutorials)
[7.005s] DEBUG:colcon.colcon_parallel_executor.executor.parallel:closing loop
[7.006s] DEBUG:colcon.colcon_parallel_executor.executor.parallel:loop closed
[7.007s] DEBUG:colcon.colcon_parallel_executor.executor.parallel:run_until_complete finished with '0'
[7.007s] DEBUG:colcon.colcon_core.event_reactor:joining thread
[7.026s] INFO:colcon.colcon_core.plugin_system:Skipping extension 'colcon_notification.desktop_notification.terminal_notifier': Not used on non-Darwin systems
[7.026s] INFO:colcon.colcon_core.plugin_system:Skipping extension 'colcon_notification.desktop_notification.win32': Not used on non-Windows systems
[7.026s] INFO:colcon.colcon_notification.desktop_notification:Sending desktop notification using 'notify2'
[32.054s] DEBUG:colcon.colcon_notification.desktop_notification.notify2:Failed to initialize notify2: org.freedesktop.DBus.Error.NoReply: Did not receive a reply. Possible causes include: the remote application did not send a reply, the message bus security policy blocked the reply, the reply timeout expired, or the network connection was broken.
[32.055s] DEBUG:colcon.colcon_core.event_reactor:joined thread
[32.057s] INFO:colcon.colcon_core.shell:Creating prefix script '/home/psinha/ros2/packages/map/install/local_setup.ps1'
[32.067s] INFO:colcon.colcon_core.shell:Creating prefix util module '/home/psinha/ros2/packages/map/install/_local_setup_util_ps1.py'
[32.073s] INFO:colcon.colcon_core.shell:Creating prefix chain script '/home/psinha/ros2/packages/map/install/setup.ps1'
[32.078s] INFO:colcon.colcon_core.shell:Creating prefix script '/home/psinha/ros2/packages/map/install/local_setup.sh'
[32.080s] INFO:colcon.colcon_core.shell:Creating prefix util module '/home/psinha/ros2/packages/map/install/_local_setup_util_sh.py'
[32.083s] INFO:colcon.colcon_core.shell:Creating prefix chain script '/home/psinha/ros2/packages/map/install/setup.sh'
[32.087s] INFO:colcon.colcon_core.shell:Creating prefix script '/home/psinha/ros2/packages/map/install/local_setup.bash'
[32.090s] INFO:colcon.colcon_core.shell:Creating prefix chain script '/home/psinha/ros2/packages/map/install/setup.bash'
[32.094s] INFO:colcon.colcon_core.shell:Creating prefix script '/home/psinha/ros2/packages/map/install/local_setup.zsh'
[32.096s] INFO:colcon.colcon_core.shell:Creating prefix chain script '/home/psinha/ros2/packages/map/install/setup.zsh'
